0 info it worked if it ends with ok
1 verbose cli [ 'C:\\Program Files\\nodejs\\node.exe',
1 verbose cli   'C:\\Program Files\\nodejs\\node_modules\\npm\\bin\\npm-cli.js',
1 verbose cli   'run',
1 verbose cli   'mock' ]
2 info using npm@3.10.10
3 info using node@v6.10.2
4 verbose run-script [ 'premock', 'mock', 'postmock' ]
5 info lifecycle @~premock: @
6 silly lifecycle @~premock: no script for premock, continuing
7 info lifecycle @~mock: @
8 verbose lifecycle @~mock: unsafe-perm in lifecycle true
9 verbose lifecycle @~mock: PATH: C:\Program Files\nodejs\node_modules\npm\bin\node-gyp-bin;C:\Users\jianqiang.fan\react-project\Webpack2-For-React-master\src\mock\node_modules\.bin;C:\ProgramData\Oracle\Java\javapath;C:\windows\system32;C:\windows;C:\windows\System32\Wbem;C:\windows\System32\WindowsPowerShell\v1.0\;C:\Program Files (x86)\CheckPoint\Endpoint Security\Endpoint Common\bin;C:\Program Files\nodejs\;C:\Program Files\TortoiseGit\bin;C:\Program Files (x86)\Skype\Phone\;C:\Users\jianqiang.fan\AppData\Roaming\npm;C:\Users\jianqiang.fan\AppData\Local\Programs\Git\cmd
10 verbose lifecycle @~mock: CWD: C:\Users\jianqiang.fan\react-project\Webpack2-For-React-master\src\mock
11 silly lifecycle @~mock: Args: [ '/d /s /c', 'json-server db.js -p 3003' ]
12 silly lifecycle @~mock: Returned: code: 3221225786  signal: null
13 info lifecycle @~mock: Failed to exec mock script
14 verbose stack Error: @ mock: `json-server db.js -p 3003`
14 verbose stack Exit status 3221225786
14 verbose stack     at EventEmitter.<anonymous> (C:\Program Files\nodejs\node_modules\npm\lib\utils\lifecycle.js:255:16)
14 verbose stack     at emitTwo (events.js:106:13)
14 verbose stack     at EventEmitter.emit (events.js:191:7)
14 verbose stack     at ChildProcess.<anonymous> (C:\Program Files\nodejs\node_modules\npm\lib\utils\spawn.js:40:14)
14 verbose stack     at emitTwo (events.js:106:13)
14 verbose stack     at ChildProcess.emit (events.js:191:7)
14 verbose stack     at maybeClose (internal/child_process.js:886:16)
14 verbose stack     at Process.ChildProcess._handle.onexit (internal/child_process.js:226:5)
15 verbose pkgid @
16 verbose cwd C:\Users\jianqiang.fan\react-project\Webpack2-For-React-master\src\mock
17 error Windows_NT 10.0.10586
18 error argv "C:\\Program Files\\nodejs\\node.exe" "C:\\Program Files\\nodejs\\node_modules\\npm\\bin\\npm-cli.js" "run" "mock"
19 error node v6.10.2
20 error npm  v3.10.10
21 error code ELIFECYCLE
22 error @ mock: `json-server db.js -p 3003`
22 error Exit status 3221225786
23 error Failed at the @ mock script 'json-server db.js -p 3003'.
23 error Make sure you have the latest version of node.js and npm installed.
23 error If you do, this is most likely a problem with the  package,
23 error not with npm itself.
23 error Tell the author that this fails on your system:
23 error     json-server db.js -p 3003
23 error You can get information on how to open an issue for this project with:
23 error     npm bugs
23 error Or if that isn't available, you can get their info via:
23 error     npm owner ls
23 error There is likely additional logging output above.
24 verbose exit [ 1, true ]
